<?xml version="1.0" encoding="UTF-8"?>
<!-- Generated by org.testng.reporters.JUnitReportReporter -->
<testsuite hostname="RajanikanthLAPTOP-GIR9N5MH" failures="0" tests="2" name="JavaStreams.Streamsmethods" time="0.018" errors="0" timestamp="2022-05-19T12:51:31 IST" skipped="0">
  <testcase classname="JavaStreams.Streamsmethods" name="Regular" time="0.013"/>
  <system-out/>
  <testcase classname="JavaStreams.Streamsmethods" name="StreamMap" time="0.005"/>
  <system-out/>
</testsuite> <!-- JavaStreams.Streamsmethods -->
